2024-06-27 20:30:03,038 - app1.views - ERROR - Method not allowed for login_user
2024-06-28 10:27:37,647 - app1.views - INFO - Search tickets results: <QuerySet []>
2024-06-28 10:28:12,279 - app1.views - INFO - Search tickets results: <QuerySet [<SupportTicket: SupportTicket object (ba0947c9-fb41-406c-b889-993009979bd3)>, <SupportTicket: SupportTicket object (8da80bd5-2a0a-4fb2-b434-e9d372d30950)>, <SupportTicket: SupportTicket object (01162f5c-1f68-4b19-a5cf-df9d5481af1e)>, <SupportTicket: SupportTicket object (7d3cad11-60c0-45f6-9481-4ef1a0e377ca)>, <SupportTicket: SupportTicket object (5409e090-fd58-4ad0-81e6-41d5bc93a102)>, <SupportTicket: SupportTicket object (d6de70cf-76ce-4e65-a5dc-be653f532561)>, <SupportTicket: SupportTicket object (e8d1eb73-1500-43e1-8f6f-5f84fee5247d)>, <SupportTicket: SupportTicket object (72f812f9-2977-42d4-9c84-ce9750991639)>, <SupportTicket: SupportTicket object (2b3e73a9-d596-4968-9f9a-75e6d89fe7e7)>, <SupportTicket: SupportTicket object (f11f3998-e349-4e06-b99c-9e831183d20a)>, <SupportTicket: SupportTicket object (beffb087-37e2-4b9d-932b-d9c20b473848)>, <SupportTicket: SupportTicket object (8cb1f397-dd4f-455d-98de-7dfc8287e9d3)>, <SupportTicket: SupportTicket object (37344761-c8d5-492a-96ac-e5a0d514a892)>, <SupportTicket: SupportTicket object (b305cd11-2de0-4133-9051-9ce5192b72a6)>, <SupportTicket: SupportTicket object (bdaeba20-f197-4063-b982-966a8b93ae2c)>, <SupportTicket: SupportTicket object (7dc13221-bff2-481b-8095-5e10bd4b05fd)>, <SupportTicket: SupportTicket object (21831f86-1c9f-4822-b630-a2310c955d68)>, <SupportTicket: SupportTicket object (c48fd27a-9b66-47e3-b2b5-c079f6f0d044)>, <SupportTicket: SupportTicket object (e117fb5e-fc84-4487-9b94-07cb95714bfe)>, <SupportTicket: SupportTicket object (e8bb55d3-b050-4b65-9c69-f5e96829deaa)>, '...(remaining elements truncated)...']>
2024-06-28 10:30:22,027 - app1.views - INFO - Search tickets results: <QuerySet [<SupportTicket: SupportTicket object (ba0947c9-fb41-406c-b889-993009979bd3)>, <SupportTicket: SupportTicket object (8da80bd5-2a0a-4fb2-b434-e9d372d30950)>, <SupportTicket: SupportTicket object (01162f5c-1f68-4b19-a5cf-df9d5481af1e)>, <SupportTicket: SupportTicket object (7d3cad11-60c0-45f6-9481-4ef1a0e377ca)>, <SupportTicket: SupportTicket object (5409e090-fd58-4ad0-81e6-41d5bc93a102)>, <SupportTicket: SupportTicket object (d6de70cf-76ce-4e65-a5dc-be653f532561)>, <SupportTicket: SupportTicket object (e8d1eb73-1500-43e1-8f6f-5f84fee5247d)>, <SupportTicket: SupportTicket object (72f812f9-2977-42d4-9c84-ce9750991639)>, <SupportTicket: SupportTicket object (2b3e73a9-d596-4968-9f9a-75e6d89fe7e7)>, <SupportTicket: SupportTicket object (f11f3998-e349-4e06-b99c-9e831183d20a)>, <SupportTicket: SupportTicket object (beffb087-37e2-4b9d-932b-d9c20b473848)>, <SupportTicket: SupportTicket object (8cb1f397-dd4f-455d-98de-7dfc8287e9d3)>, <SupportTicket: SupportTicket object (37344761-c8d5-492a-96ac-e5a0d514a892)>, <SupportTicket: SupportTicket object (b305cd11-2de0-4133-9051-9ce5192b72a6)>, <SupportTicket: SupportTicket object (bdaeba20-f197-4063-b982-966a8b93ae2c)>, <SupportTicket: SupportTicket object (7dc13221-bff2-481b-8095-5e10bd4b05fd)>, <SupportTicket: SupportTicket object (21831f86-1c9f-4822-b630-a2310c955d68)>, <SupportTicket: SupportTicket object (c48fd27a-9b66-47e3-b2b5-c079f6f0d044)>, <SupportTicket: SupportTicket object (e117fb5e-fc84-4487-9b94-07cb95714bfe)>, <SupportTicket: SupportTicket object (e8bb55d3-b050-4b65-9c69-f5e96829deaa)>, '...(remaining elements truncated)...']>
2024-06-28 10:40:52,685 - app1.views - INFO - Closing ticket: e8bb55d3-b050-4b65-9c69-f5e96829deaa
2024-06-28 10:40:52,688 - app1.views - ERROR - An error occurred while closing the ticket: User matching query does not exist.
2024-06-28 10:41:14,991 - app1.views - INFO - Closing ticket: e8bb55d3-b050-4b65-9c69-f5e96829deaa
2024-06-28 10:41:14,994 - app1.views - ERROR - An error occurred while closing the ticket: User matching query does not exist.
2024-06-28 10:41:25,347 - app1.views - INFO - Closing ticket: e8bb55d3-b050-4b65-9c69-f5e96829deaa
2024-06-28 10:41:25,351 - app1.views - ERROR - An error occurred while closing the ticket: User matching query does not exist.
2024-06-28 10:42:58,674 - app1.views - INFO - Closing ticket: e8bb55d3-b050-4b65-9c69-f5e96829deaa
2024-06-28 10:42:58,678 - app1.views - ERROR - An error occurred while closing the ticket: User matching query does not exist.
2024-06-28 10:42:59,761 - app1.views - INFO - Closing ticket: e8bb55d3-b050-4b65-9c69-f5e96829deaa
2024-06-28 10:42:59,764 - app1.views - ERROR - An error occurred while closing the ticket: User matching query does not exist.
2024-06-28 10:53:10,761 - app1.views - INFO - Closing ticket: e8bb55d3-b050-4b65-9c69-f5e96829deaa
2024-06-28 10:53:10,763 - app1.views - ERROR - An error occurred while closing the ticket: User matching query does not exist.
2024-06-28 10:53:43,996 - app1.views - INFO - Closing ticket: e8bb55d3-b050-4b65-9c69-f5e96829deaa
2024-06-28 10:53:43,999 - app1.views - ERROR - An error occurred while closing the ticket: User matching query does not exist.
2024-06-28 10:54:04,173 - app1.views - INFO - Closing ticket: e8bb55d3-b050-4b65-9c69-f5e96829deaa
2024-06-28 10:54:04,178 - app1.views - ERROR - An error occurred while closing the ticket: User matching query does not exist.
2024-06-28 10:54:15,150 - app1.views - INFO - Closing ticket: e8bb55d3-b050-4b65-9c69-f5e96829deaa
2024-06-28 10:54:15,154 - app1.views - ERROR - An error occurred while closing the ticket: User matching query does not exist.
2024-06-28 10:54:16,176 - app1.views - INFO - Closing ticket: e8bb55d3-b050-4b65-9c69-f5e96829deaa
2024-06-28 10:54:16,179 - app1.views - ERROR - An error occurred while closing the ticket: User matching query does not exist.
2024-06-28 10:54:17,241 - app1.views - INFO - Closing ticket: e8bb55d3-b050-4b65-9c69-f5e96829deaa
2024-06-28 10:54:17,245 - app1.views - ERROR - An error occurred while closing the ticket: User matching query does not exist.
2024-06-28 10:54:18,315 - app1.views - INFO - Closing ticket: e8bb55d3-b050-4b65-9c69-f5e96829deaa
2024-06-28 10:54:18,318 - app1.views - ERROR - An error occurred while closing the ticket: User matching query does not exist.
2024-06-28 10:55:00,464 - app1.views - INFO - Closing ticket: e8bb55d3-b050-4b65-9c69-f5e96829deaa
2024-06-28 10:55:00,467 - app1.views - ERROR - An error occurred while closing the ticket: User matching query does not exist.
2024-06-28 10:55:01,718 - app1.views - INFO - Closing ticket: e8bb55d3-b050-4b65-9c69-f5e96829deaa
2024-06-28 10:55:01,721 - app1.views - ERROR - An error occurred while closing the ticket: User matching query does not exist.
2024-06-28 10:55:56,780 - app1.views - INFO - Closing ticket: e8bb55d3-b050-4b65-9c69-f5e96829deaa
2024-06-28 10:55:56,798 - app1.views - INFO - Ticket e8bb55d3-b050-4b65-9c69-f5e96829deaa closed successfully
2024-06-28 10:56:45,937 - app1.views - INFO - Search tickets results: <QuerySet [<SupportTicket: SupportTicket object (ba0947c9-fb41-406c-b889-993009979bd3)>, <SupportTicket: SupportTicket object (8da80bd5-2a0a-4fb2-b434-e9d372d30950)>, <SupportTicket: SupportTicket object (01162f5c-1f68-4b19-a5cf-df9d5481af1e)>, <SupportTicket: SupportTicket object (7d3cad11-60c0-45f6-9481-4ef1a0e377ca)>, <SupportTicket: SupportTicket object (5409e090-fd58-4ad0-81e6-41d5bc93a102)>, <SupportTicket: SupportTicket object (d6de70cf-76ce-4e65-a5dc-be653f532561)>, <SupportTicket: SupportTicket object (e8d1eb73-1500-43e1-8f6f-5f84fee5247d)>, <SupportTicket: SupportTicket object (72f812f9-2977-42d4-9c84-ce9750991639)>, <SupportTicket: SupportTicket object (2b3e73a9-d596-4968-9f9a-75e6d89fe7e7)>, <SupportTicket: SupportTicket object (f11f3998-e349-4e06-b99c-9e831183d20a)>, <SupportTicket: SupportTicket object (beffb087-37e2-4b9d-932b-d9c20b473848)>, <SupportTicket: SupportTicket object (8cb1f397-dd4f-455d-98de-7dfc8287e9d3)>, <SupportTicket: SupportTicket object (37344761-c8d5-492a-96ac-e5a0d514a892)>, <SupportTicket: SupportTicket object (b305cd11-2de0-4133-9051-9ce5192b72a6)>, <SupportTicket: SupportTicket object (bdaeba20-f197-4063-b982-966a8b93ae2c)>, <SupportTicket: SupportTicket object (7dc13221-bff2-481b-8095-5e10bd4b05fd)>, <SupportTicket: SupportTicket object (21831f86-1c9f-4822-b630-a2310c955d68)>, <SupportTicket: SupportTicket object (c48fd27a-9b66-47e3-b2b5-c079f6f0d044)>, <SupportTicket: SupportTicket object (e117fb5e-fc84-4487-9b94-07cb95714bfe)>, <SupportTicket: SupportTicket object (b43cc454-1ab5-4006-96a1-2db87d54e43c)>, '...(remaining elements truncated)...']>
2024-06-28 10:58:37,378 - app1.views - INFO - Search tickets results: <QuerySet [<SupportTicket: SupportTicket object (ba0947c9-fb41-406c-b889-993009979bd3)>, <SupportTicket: SupportTicket object (8da80bd5-2a0a-4fb2-b434-e9d372d30950)>, <SupportTicket: SupportTicket object (01162f5c-1f68-4b19-a5cf-df9d5481af1e)>, <SupportTicket: SupportTicket object (7d3cad11-60c0-45f6-9481-4ef1a0e377ca)>, <SupportTicket: SupportTicket object (5409e090-fd58-4ad0-81e6-41d5bc93a102)>, <SupportTicket: SupportTicket object (d6de70cf-76ce-4e65-a5dc-be653f532561)>, <SupportTicket: SupportTicket object (e8d1eb73-1500-43e1-8f6f-5f84fee5247d)>, <SupportTicket: SupportTicket object (72f812f9-2977-42d4-9c84-ce9750991639)>, <SupportTicket: SupportTicket object (2b3e73a9-d596-4968-9f9a-75e6d89fe7e7)>, <SupportTicket: SupportTicket object (f11f3998-e349-4e06-b99c-9e831183d20a)>, <SupportTicket: SupportTicket object (beffb087-37e2-4b9d-932b-d9c20b473848)>, <SupportTicket: SupportTicket object (8cb1f397-dd4f-455d-98de-7dfc8287e9d3)>, <SupportTicket: SupportTicket object (37344761-c8d5-492a-96ac-e5a0d514a892)>, <SupportTicket: SupportTicket object (b305cd11-2de0-4133-9051-9ce5192b72a6)>, <SupportTicket: SupportTicket object (bdaeba20-f197-4063-b982-966a8b93ae2c)>, <SupportTicket: SupportTicket object (7dc13221-bff2-481b-8095-5e10bd4b05fd)>, <SupportTicket: SupportTicket object (21831f86-1c9f-4822-b630-a2310c955d68)>, <SupportTicket: SupportTicket object (c48fd27a-9b66-47e3-b2b5-c079f6f0d044)>, <SupportTicket: SupportTicket object (e117fb5e-fc84-4487-9b94-07cb95714bfe)>, <SupportTicket: SupportTicket object (b43cc454-1ab5-4006-96a1-2db87d54e43c)>, '...(remaining elements truncated)...']>
2024-06-28 10:58:48,169 - app1.views - INFO - Search tickets results: <QuerySet [<SupportTicket: SupportTicket object (ba0947c9-fb41-406c-b889-993009979bd3)>, <SupportTicket: SupportTicket object (8da80bd5-2a0a-4fb2-b434-e9d372d30950)>, <SupportTicket: SupportTicket object (01162f5c-1f68-4b19-a5cf-df9d5481af1e)>, <SupportTicket: SupportTicket object (7d3cad11-60c0-45f6-9481-4ef1a0e377ca)>, <SupportTicket: SupportTicket object (5409e090-fd58-4ad0-81e6-41d5bc93a102)>, <SupportTicket: SupportTicket object (d6de70cf-76ce-4e65-a5dc-be653f532561)>, <SupportTicket: SupportTicket object (e8d1eb73-1500-43e1-8f6f-5f84fee5247d)>, <SupportTicket: SupportTicket object (72f812f9-2977-42d4-9c84-ce9750991639)>, <SupportTicket: SupportTicket object (2b3e73a9-d596-4968-9f9a-75e6d89fe7e7)>, <SupportTicket: SupportTicket object (f11f3998-e349-4e06-b99c-9e831183d20a)>, <SupportTicket: SupportTicket object (beffb087-37e2-4b9d-932b-d9c20b473848)>, <SupportTicket: SupportTicket object (8cb1f397-dd4f-455d-98de-7dfc8287e9d3)>, <SupportTicket: SupportTicket object (37344761-c8d5-492a-96ac-e5a0d514a892)>, <SupportTicket: SupportTicket object (b305cd11-2de0-4133-9051-9ce5192b72a6)>, <SupportTicket: SupportTicket object (bdaeba20-f197-4063-b982-966a8b93ae2c)>, <SupportTicket: SupportTicket object (7dc13221-bff2-481b-8095-5e10bd4b05fd)>, <SupportTicket: SupportTicket object (21831f86-1c9f-4822-b630-a2310c955d68)>, <SupportTicket: SupportTicket object (c48fd27a-9b66-47e3-b2b5-c079f6f0d044)>, <SupportTicket: SupportTicket object (e117fb5e-fc84-4487-9b94-07cb95714bfe)>, <SupportTicket: SupportTicket object (b43cc454-1ab5-4006-96a1-2db87d54e43c)>, '...(remaining elements truncated)...']>
2024-06-28 10:58:56,590 - app1.views - INFO - Search tickets results: <QuerySet [<SupportTicket: SupportTicket object (ba0947c9-fb41-406c-b889-993009979bd3)>, <SupportTicket: SupportTicket object (8da80bd5-2a0a-4fb2-b434-e9d372d30950)>, <SupportTicket: SupportTicket object (01162f5c-1f68-4b19-a5cf-df9d5481af1e)>, <SupportTicket: SupportTicket object (7d3cad11-60c0-45f6-9481-4ef1a0e377ca)>, <SupportTicket: SupportTicket object (5409e090-fd58-4ad0-81e6-41d5bc93a102)>, <SupportTicket: SupportTicket object (d6de70cf-76ce-4e65-a5dc-be653f532561)>, <SupportTicket: SupportTicket object (e8d1eb73-1500-43e1-8f6f-5f84fee5247d)>, <SupportTicket: SupportTicket object (72f812f9-2977-42d4-9c84-ce9750991639)>, <SupportTicket: SupportTicket object (2b3e73a9-d596-4968-9f9a-75e6d89fe7e7)>, <SupportTicket: SupportTicket object (f11f3998-e349-4e06-b99c-9e831183d20a)>, <SupportTicket: SupportTicket object (beffb087-37e2-4b9d-932b-d9c20b473848)>, <SupportTicket: SupportTicket object (8cb1f397-dd4f-455d-98de-7dfc8287e9d3)>, <SupportTicket: SupportTicket object (37344761-c8d5-492a-96ac-e5a0d514a892)>, <SupportTicket: SupportTicket object (b305cd11-2de0-4133-9051-9ce5192b72a6)>, <SupportTicket: SupportTicket object (bdaeba20-f197-4063-b982-966a8b93ae2c)>, <SupportTicket: SupportTicket object (7dc13221-bff2-481b-8095-5e10bd4b05fd)>, <SupportTicket: SupportTicket object (21831f86-1c9f-4822-b630-a2310c955d68)>, <SupportTicket: SupportTicket object (c48fd27a-9b66-47e3-b2b5-c079f6f0d044)>, <SupportTicket: SupportTicket object (e117fb5e-fc84-4487-9b94-07cb95714bfe)>, <SupportTicket: SupportTicket object (b43cc454-1ab5-4006-96a1-2db87d54e43c)>, '...(remaining elements truncated)...']>
2024-06-28 10:59:03,211 - app1.views - INFO - Search tickets results: <QuerySet [<SupportTicket: SupportTicket object (ba0947c9-fb41-406c-b889-993009979bd3)>, <SupportTicket: SupportTicket object (8da80bd5-2a0a-4fb2-b434-e9d372d30950)>, <SupportTicket: SupportTicket object (01162f5c-1f68-4b19-a5cf-df9d5481af1e)>, <SupportTicket: SupportTicket object (7d3cad11-60c0-45f6-9481-4ef1a0e377ca)>, <SupportTicket: SupportTicket object (5409e090-fd58-4ad0-81e6-41d5bc93a102)>, <SupportTicket: SupportTicket object (d6de70cf-76ce-4e65-a5dc-be653f532561)>, <SupportTicket: SupportTicket object (e8d1eb73-1500-43e1-8f6f-5f84fee5247d)>, <SupportTicket: SupportTicket object (72f812f9-2977-42d4-9c84-ce9750991639)>, <SupportTicket: SupportTicket object (2b3e73a9-d596-4968-9f9a-75e6d89fe7e7)>, <SupportTicket: SupportTicket object (f11f3998-e349-4e06-b99c-9e831183d20a)>, <SupportTicket: SupportTicket object (beffb087-37e2-4b9d-932b-d9c20b473848)>, <SupportTicket: SupportTicket object (8cb1f397-dd4f-455d-98de-7dfc8287e9d3)>, <SupportTicket: SupportTicket object (37344761-c8d5-492a-96ac-e5a0d514a892)>, <SupportTicket: SupportTicket object (b305cd11-2de0-4133-9051-9ce5192b72a6)>, <SupportTicket: SupportTicket object (bdaeba20-f197-4063-b982-966a8b93ae2c)>, <SupportTicket: SupportTicket object (7dc13221-bff2-481b-8095-5e10bd4b05fd)>, <SupportTicket: SupportTicket object (21831f86-1c9f-4822-b630-a2310c955d68)>, <SupportTicket: SupportTicket object (c48fd27a-9b66-47e3-b2b5-c079f6f0d044)>, <SupportTicket: SupportTicket object (e117fb5e-fc84-4487-9b94-07cb95714bfe)>, <SupportTicket: SupportTicket object (b43cc454-1ab5-4006-96a1-2db87d54e43c)>, '...(remaining elements truncated)...']>
2024-06-28 11:14:18,505 - app1.views - ERROR - Method not allowed for update_user
2024-06-28 11:14:28,411 - app1.views - ERROR - Method not allowed for update_user
2024-06-28 11:14:37,938 - app1.views - ERROR - User with ID 04ff2b73-03aa-4200-9ca7-e9189e0eb99f does not exist
2024-06-28 11:15:20,797 - app1.views - INFO - Webhook received successfully with data: {'message': 'Agent with ID 04ff2b73-03aa-4200-9ca7-e9189e0eb99f has been updated.', 'agent_id': '04ff2b73-03aa-4200-9ca7-e9189e0eb99f', 'name': 'Taru', 'email': 'Tarun@gmail.com', 'phone_number': '8870881201', 'is_available': False}
2024-06-28 11:15:20,799 - app1.views - INFO - Webhook notification sent successfully for agent 04ff2b73-03aa-4200-9ca7-e9189e0eb99f
2024-06-28 11:15:20,799 - app1.views - INFO - Agent with ID 04ff2b73-03aa-4200-9ca7-e9189e0eb99f updated successfully
2024-06-28 11:18:28,929 - app1.views - INFO - Closing ticket: b43cc454-1ab5-4006-96a1-2db87d54e43c
2024-06-28 11:18:28,948 - app1.views - INFO - Ticket b43cc454-1ab5-4006-96a1-2db87d54e43c closed successfully
2024-06-28 11:18:30,989 - app1.views - INFO - Webhook received successfully with data: {'message': 'Ticket has been closed.', 'ticket_id': 'b43cc454-1ab5-4006-96a1-2db87d54e43c', 'status': 'closed', 'completed_at': '2024-06-28 05:48:28.937758+00:00', 'user': {'user_id': None, 'username': None, 'email': None}, 'assigned_agent': {'agent_id': '1804f5af-bd36-44d4-abbd-aa7f799450d6', 'name': 'Tarun', 'email': 'Tarun@gmail.com'}}
2024-06-28 11:18:30,990 - app1.views - INFO - Webhook notification sent successfully for ticket b43cc454-1ab5-4006-96a1-2db87d54e43c
2024-06-28 11:19:38,705 - app1.views - ERROR - An error occurred: SupportTicket matching query does not exist.
2024-06-28 11:19:54,390 - app1.views - INFO - Closing ticket: e117fb5e-fc84-4487-9b94-07cb95714bfe
2024-06-28 11:19:54,409 - app1.views - INFO - Ticket e117fb5e-fc84-4487-9b94-07cb95714bfe closed successfully
2024-06-28 11:19:56,449 - app1.views - INFO - Webhook received successfully with data: {'message': 'Ticket has been closed.', 'ticket_id': 'e117fb5e-fc84-4487-9b94-07cb95714bfe', 'status': 'closed', 'completed_at': '2024-06-28 05:49:54.397224+00:00', 'user': {'user_id': None, 'username': None, 'email': None}, 'assigned_agent': {'agent_id': '4299713a-1dc1-4444-909a-71f8974277bb', 'name': 'Tarun', 'email': 'Tarun@gmail.com'}}
2024-06-28 11:19:56,450 - app1.views - INFO - Webhook notification sent successfully for ticket e117fb5e-fc84-4487-9b94-07cb95714bfe
2024-06-28 11:21:46,749 - app1.views - ERROR - An error occurred: SupportTicket matching query does not exist.
2024-06-28 11:22:00,369 - app1.views - INFO - Closing ticket: c48fd27a-9b66-47e3-b2b5-c079f6f0d044
2024-06-28 11:22:00,384 - app1.views - INFO - Ticket c48fd27a-9b66-47e3-b2b5-c079f6f0d044 closed successfully
2024-06-28 11:22:02,425 - app1.views - INFO - Webhook received successfully with data: {'message': 'Ticket has been closed.', 'ticket_id': 'c48fd27a-9b66-47e3-b2b5-c079f6f0d044', 'status': 'closed', 'completed_at': '2024-06-28 05:52:00.374197+00:00', 'user': {'user_id': None, 'username': None, 'email': None}, 'assigned_agent': {'agent_id': '2ae1c7ba-0bdb-4d38-bbb0-561782b15389', 'name': 'Tarun', 'email': 'Tarun@gmail.com'}}
2024-06-28 11:22:02,427 - app1.views - INFO - Webhook notification sent successfully for ticket c48fd27a-9b66-47e3-b2b5-c079f6f0d044
2024-06-28 11:22:02,427 - app1.views - ERROR - An error occurred: In order to allow non-dict objects to be serialized set the safe parameter to False.
2024-06-28 11:23:25,661 - app1.views - ERROR - An error occurred: SupportTicket matching query does not exist.
2024-06-28 11:24:29,064 - app1.views - ERROR - Ticket not found: c48fd27a-9b66-47e3-b2b5-c079f6f0d044
2024-06-28 11:24:47,185 - app1.views - INFO - Closing ticket: 21831f86-1c9f-4822-b630-a2310c955d68
2024-06-28 11:24:47,199 - app1.views - INFO - Ticket 21831f86-1c9f-4822-b630-a2310c955d68 closed successfully
2024-06-28 11:24:49,229 - app1.views - ERROR - Failed to send webhook notification: 403 Client Error: Forbidden for url: http://localhost:8000/app1/webhook/
2024-06-28 11:25:54,053 - app1.views - ERROR - Ticket not found: 21831f86-1c9f-4822-b630-a2310c955d68
2024-06-28 11:26:09,126 - app1.views - INFO - Closing ticket: 7dc13221-bff2-481b-8095-5e10bd4b05fd
2024-06-28 11:26:09,142 - app1.views - INFO - Ticket 7dc13221-bff2-481b-8095-5e10bd4b05fd closed successfully
2024-06-28 11:26:11,186 - app1.views - INFO - Webhook received successfully with data: {'message': 'Ticket has been closed.', 'ticket_id': '7dc13221-bff2-481b-8095-5e10bd4b05fd', 'status': 'closed', 'completed_at': '2024-06-28 05:56:09.132714+00:00', 'user': {'user_id': None, 'username': None, 'email': None}, 'assigned_agent': {'agent_id': 'a4bd94ee-16bd-4507-b8a4-2a8b81d75391', 'name': 'Tarun', 'email': 'Tarun@gmail.com'}}
2024-06-28 11:26:11,187 - app1.views - INFO - Webhook notification sent successfully for ticket 7dc13221-bff2-481b-8095-5e10bd4b05fd
2024-06-29 11:14:34,734 - app1.views - INFO - Search tickets results: <QuerySet [<SupportTicket: SupportTicket object (ba0947c9-fb41-406c-b889-993009979bd3)>, <SupportTicket: SupportTicket object (8da80bd5-2a0a-4fb2-b434-e9d372d30950)>, <SupportTicket: SupportTicket object (01162f5c-1f68-4b19-a5cf-df9d5481af1e)>, <SupportTicket: SupportTicket object (7d3cad11-60c0-45f6-9481-4ef1a0e377ca)>, <SupportTicket: SupportTicket object (5409e090-fd58-4ad0-81e6-41d5bc93a102)>, <SupportTicket: SupportTicket object (d6de70cf-76ce-4e65-a5dc-be653f532561)>, <SupportTicket: SupportTicket object (e8d1eb73-1500-43e1-8f6f-5f84fee5247d)>, <SupportTicket: SupportTicket object (72f812f9-2977-42d4-9c84-ce9750991639)>, <SupportTicket: SupportTicket object (2b3e73a9-d596-4968-9f9a-75e6d89fe7e7)>, <SupportTicket: SupportTicket object (f11f3998-e349-4e06-b99c-9e831183d20a)>, <SupportTicket: SupportTicket object (beffb087-37e2-4b9d-932b-d9c20b473848)>, <SupportTicket: SupportTicket object (8cb1f397-dd4f-455d-98de-7dfc8287e9d3)>, <SupportTicket: SupportTicket object (37344761-c8d5-492a-96ac-e5a0d514a892)>, <SupportTicket: SupportTicket object (b305cd11-2de0-4133-9051-9ce5192b72a6)>, <SupportTicket: SupportTicket object (bdaeba20-f197-4063-b982-966a8b93ae2c)>, <SupportTicket: SupportTicket object (faeef909-24e5-4c40-99c5-ee78cee4bf8d)>, <SupportTicket: SupportTicket object (a2f75a2b-96b1-4ac9-8e68-fb1b808e845f)>, <SupportTicket: SupportTicket object (101647a4-3a86-4fe7-9aef-c93894d48545)>, <SupportTicket: SupportTicket object (6df6c70e-e3a7-4b12-b14d-ae4617a9e602)>, <SupportTicket: SupportTicket object (80525707-fa52-41f8-af54-b7e132c32078)>, '...(remaining elements truncated)...']>
2024-06-29 12:06:55,467 - app1.views - INFO - Webhook received successfully with data: {'message': 'User with ID 367ed2f5-f64e-4de4-9a9a-b1618d63728c has been updated.', 'user_id': '367ed2f5-f64e-4de4-9a9a-b1618d63728c', 'username': 'Tru', 'email': 't@gmail.com'}
2024-06-29 12:06:55,472 - app1.views - INFO - Webhook notification sent successfully for user 367ed2f5-f64e-4de4-9a9a-b1618d63728c
2024-06-29 12:06:55,473 - app1.views - INFO - User with ID 367ed2f5-f64e-4de4-9a9a-b1618d63728c updated successfully
2024-06-29 12:07:01,515 - app1.views - INFO - Webhook received successfully with data: {'message': 'User with ID 367ed2f5-f64e-4de4-9a9a-b1618d63728c has been updated.', 'user_id': '367ed2f5-f64e-4de4-9a9a-b1618d63728c', 'username': 'Tru', 'email': 't@gmail.com'}
2024-06-29 12:07:01,518 - app1.views - INFO - Webhook notification sent successfully for user 367ed2f5-f64e-4de4-9a9a-b1618d63728c
2024-06-29 12:07:01,520 - app1.views - INFO - User with ID 367ed2f5-f64e-4de4-9a9a-b1618d63728c updated successfully
2024-06-29 12:07:44,662 - app1.views - INFO - Agent Tarun added with ID 29f66f62-8b08-43c3-a78e-3ef62e212646
2024-06-29 12:08:08,857 - app1.views - ERROR - Invalid JSON format received in webhook
2024-06-29 12:10:26,883 - app1.views - INFO - Ticket df77b5e1-d3b4-4d19-b27f-5e160c8b5a54 created successfully for user 367ed2f5-f64e-4de4-9a9a-b1618d63728c
2024-06-29 12:11:07,512 - app1.views - INFO - Ticket eb6e1eba-c5ba-4af3-bd68-d264cf9918df created successfully for user 367ed2f5-f64e-4de4-9a9a-b1618d63728c
2024-06-29 12:12:08,310 - app1.views - INFO - Ticket a2e7dc20-f550-44e0-9902-bbad58583332 created successfully for user 367ed2f5-f64e-4de4-9a9a-b1618d63728c
2024-06-29 12:15:20,568 - app1.views - INFO - Support ticket with ID df77b5e1-d3b4-4d19-b27f-5e160c8b5a54 deleted successfully
2024-07-01 11:08:38,312 - app1.views - INFO - Closing ticket: a2e7dc20-f550-44e0-9902-bbad58583332
2024-07-01 11:08:38,332 - app1.views - INFO - Ticket a2e7dc20-f550-44e0-9902-bbad58583332 closed successfully
2024-07-01 11:08:40,373 - app1.views - INFO - Webhook received successfully with data: {'message': 'Ticket has been closed.', 'ticket_id': 'a2e7dc20-f550-44e0-9902-bbad58583332', 'status': 'closed', 'completed_at': '2024-07-01 05:38:38.319913+00:00', 'user': {'user_id': '367ed2f5-f64e-4de4-9a9a-b1618d63728c', 'username': 'Tru', 'email': 't@gmail.com'}, 'assigned_agent': {'agent_id': '2ae1c7ba-0bdb-4d38-bbb0-561782b15389', 'name': 'Tarun', 'email': 'Tarun@gmail.com'}}
2024-07-01 11:08:40,375 - app1.views - INFO - Webhook notification sent successfully for ticket a2e7dc20-f550-44e0-9902-bbad58583332
2024-07-01 14:59:58,357 - app1.views - ERROR - User not logged in
2024-07-01 15:07:41,129 - app1.views - INFO - Search tickets results: <QuerySet [<SupportTicket: SupportTicket object (6df6c70e-e3a7-4b12-b14d-ae4617a9e602)>, <SupportTicket: SupportTicket object (80525707-fa52-41f8-af54-b7e132c32078)>, <SupportTicket: SupportTicket object (ef523af1-e400-4f8b-bbec-6c3afdc60201)>, <SupportTicket: SupportTicket object (5df2219f-ef0c-43fc-99d3-6f3c7b37a416)>, <SupportTicket: SupportTicket object (1e690793-d970-4681-9893-0d3198894749)>, <SupportTicket: SupportTicket object (251c5d0e-9ef2-4265-b709-ef71029bbdce)>, <SupportTicket: SupportTicket object (4c5e6a23-00c6-4290-911f-18e5eb0b2f05)>, <SupportTicket: SupportTicket object (59fd0f06-6e93-4adf-bf57-f826566512dc)>, <SupportTicket: SupportTicket object (84079243-9d9e-4049-af6a-b5691eb6b10e)>, <SupportTicket: SupportTicket object (415dc557-81d8-410b-ade6-708e090817a9)>, <SupportTicket: SupportTicket object (522a8be6-c394-41d5-b5f0-284929163ca6)>, <SupportTicket: SupportTicket object (eb6e1eba-c5ba-4af3-bd68-d264cf9918df)>]>
2024-07-01 15:07:49,866 - app1.views - ERROR - Ticket not found: a2e7dc20-f550-44e0-9902-bbad58583332
2024-07-01 15:07:54,693 - app1.views - INFO - Search tickets results: <QuerySet [<SupportTicket: SupportTicket object (6df6c70e-e3a7-4b12-b14d-ae4617a9e602)>, <SupportTicket: SupportTicket object (80525707-fa52-41f8-af54-b7e132c32078)>, <SupportTicket: SupportTicket object (ef523af1-e400-4f8b-bbec-6c3afdc60201)>, <SupportTicket: SupportTicket object (5df2219f-ef0c-43fc-99d3-6f3c7b37a416)>, <SupportTicket: SupportTicket object (1e690793-d970-4681-9893-0d3198894749)>, <SupportTicket: SupportTicket object (251c5d0e-9ef2-4265-b709-ef71029bbdce)>, <SupportTicket: SupportTicket object (4c5e6a23-00c6-4290-911f-18e5eb0b2f05)>, <SupportTicket: SupportTicket object (59fd0f06-6e93-4adf-bf57-f826566512dc)>, <SupportTicket: SupportTicket object (84079243-9d9e-4049-af6a-b5691eb6b10e)>, <SupportTicket: SupportTicket object (415dc557-81d8-410b-ade6-708e090817a9)>, <SupportTicket: SupportTicket object (522a8be6-c394-41d5-b5f0-284929163ca6)>, <SupportTicket: SupportTicket object (eb6e1eba-c5ba-4af3-bd68-d264cf9918df)>]>
2024-07-01 15:08:15,076 - app1.views - INFO - Webhook received successfully with data: {'message': 'Agent with ID 04ff2b73-03aa-4200-9ca7-e9189e0eb99f has been updated.', 'agent_id': '04ff2b73-03aa-4200-9ca7-e9189e0eb99f', 'name': 'hari', 'email': 'Tarun@gmail.com', 'phone_number': '8870881201', 'is_available': False}
2024-07-01 15:08:15,079 - app1.views - INFO - Webhook notification sent successfully for agent 04ff2b73-03aa-4200-9ca7-e9189e0eb99f
2024-07-01 15:08:15,080 - app1.views - INFO - Agent with ID 04ff2b73-03aa-4200-9ca7-e9189e0eb99f updated successfully
2024-07-01 15:08:23,066 - app1.views - ERROR - Ticket with ID df77b5e1-d3b4-4d19-b27f-5e160c8b5a54 does not exist
2024-07-01 15:14:45,354 - app1.views - INFO - Details found
2024-07-01 15:19:48,744 - app1.views - ERROR - User not logged in
2024-07-01 15:20:04,568 - app1.views - ERROR - User not logged in
2024-07-01 15:20:22,620 - app1.views - ERROR - User not logged in
2024-07-01 15:21:28,308 - app1.views - ERROR - User not logged in
2024-07-01 15:22:28,320 - app1.views - ERROR - User not logged in
2024-07-01 15:22:29,658 - app1.views - ERROR - User not logged in
2024-07-01 15:24:13,770 - app1.views - ERROR - User not logged in
2024-07-01 15:24:34,781 - app1.views - ERROR - User not logged in
2024-07-01 15:25:57,946 - app1.views - ERROR - User not logged in
2024-07-01 15:26:23,611 - app1.views - ERROR - User not logged in
2024-07-01 15:26:24,956 - app1.views - ERROR - User not logged in
2024-07-01 15:26:26,264 - app1.views - ERROR - User not logged in
2024-07-01 15:26:27,229 - app1.views - ERROR - User not logged in
2024-07-01 15:28:11,641 - app1.views - ERROR - User not logged in
2024-07-01 15:28:33,342 - app1.views - ERROR - User not logged in
2024-07-01 15:28:45,536 - app1.views - ERROR - User not logged in
2024-07-01 15:31:27,397 - app1.views - ERROR - User not logged in
2024-07-01 15:35:43,609 - app1.views - ERROR - User not logged in
2024-07-01 15:37:48,806 - app1.views - ERROR - User not logged in
2024-07-01 15:38:06,880 - app1.views - ERROR - User not logged in
2024-07-01 15:41:27,248 - app1.views - ERROR - User not logged in
2024-07-01 15:41:28,458 - app1.views - ERROR - User not logged in
2024-07-01 15:45:38,259 - app1.views - ERROR - User not logged in
2024-07-01 15:45:48,585 - app1.views - ERROR - User not logged in
2024-07-01 15:45:49,570 - app1.views - ERROR - User not logged in
2024-07-01 15:45:50,547 - app1.views - ERROR - User not logged in
2024-07-01 15:45:51,326 - app1.views - ERROR - User not logged in
2024-07-01 15:47:24,512 - app1.views - ERROR - User not logged in
2024-07-01 15:48:07,470 - app1.views - ERROR - User not logged in
2024-07-01 15:48:19,878 - app1.views - ERROR - An error occurred in add_ticket: name 'user_i' is not defined
2024-07-01 15:48:37,403 - app1.views - ERROR - User not logged in
2024-07-01 15:50:47,000 - app1.views - ERROR - User not logged in
2024-07-01 15:52:34,398 - app1.views - ERROR - User not logged in
2024-07-01 15:53:16,988 - app1.views - ERROR - User not logged in
2024-07-01 15:53:32,818 - app1.views - ERROR - User not logged in
2024-07-01 15:57:46,469 - app1.views - ERROR - User not logged in
2024-07-01 16:08:44,796 - app1.views - ERROR - User not logged in
2024-07-01 16:09:06,966 - app1.views - ERROR - An error occurred in add_ticket: 'user_id'
2024-07-01 16:09:35,252 - app1.views - ERROR - An error occurred in add_ticket: 'user_id'
2024-07-01 16:09:59,213 - app1.views - ERROR - An error occurred in add_ticket: 'user_id'
2024-07-01 16:10:20,019 - app1.views - ERROR - An error occurred in add_ticket: 'user_id'
2024-07-01 16:10:35,302 - app1.views - ERROR - User not logged in
2024-07-01 16:22:37,425 - app1.views - ERROR - User not logged in
2024-07-01 16:23:52,414 - app1.views - ERROR - User not logged in
2024-07-01 16:24:55,464 - app1.views - ERROR - User not logged in
2024-07-01 16:25:31,028 - app1.views - ERROR - User not logged in
2024-07-01 16:25:35,270 - app1.views - ERROR - User not logged in
2024-07-01 16:25:44,445 - app1.views - ERROR - User not logged in
2024-07-01 16:26:02,426 - app1.views - ERROR - User not logged in
2024-07-01 16:26:25,448 - app1.views - ERROR - User not logged in
2024-07-01 16:30:42,708 - app1.views - ERROR - An error occurred in add_ticket: name 'usr_id' is not defined
2024-07-01 16:31:01,122 - app1.views - ERROR - No available agents at the moment
2024-07-01 16:31:51,010 - app1.views - INFO - Agent Tarun added with ID 8cabca49-7ec2-477e-a3f0-276dff3211f5
2024-07-01 16:32:07,104 - app1.views - INFO - Ticket c957bc8b-7f47-422a-80cd-f404c9927dd0 created successfully for user 367ed2f5-f64e-4de4-9a9a-b1618d63728c
2024-07-01 17:20:27,537 - app1.views - ERROR - No available agents at the moment
2024-07-01 17:20:54,536 - app1.views - INFO - Agent Tarun added with ID e2034630-de62-4ec5-8a71-b4661d1bdfa3
2024-07-01 17:21:00,738 - app1.views - ERROR - User not logged in
2024-07-01 17:21:14,064 - app1.views - INFO - Ticket 9b52fcec-4ae6-4ca1-9a8a-efa990ae2c29 created successfully for user 367ed2f5-f64e-4de4-9a9a-b1618d63728c
2024-07-01 20:05:24,176 - app1.views - INFO - User Gopal added with ID 5bf8ce14-1783-4fa4-9d3b-598512d219cb
2024-07-01 20:05:42,173 - app1.views - ERROR - No available agents at the moment
2024-07-01 20:05:50,382 - app1.views - INFO - Agent Tarun added with ID 81431fe0-122c-4ba6-8064-a477fad538cd
2024-07-01 20:05:53,397 - app1.views - ERROR - User not logged in
2024-07-01 20:06:22,028 - app1.views - ERROR - Ticket with ID df77b5e1-d3b4-4d19-b27f-5e160c8b5a54 does not exist
2024-07-01 20:06:51,564 - app1.views - INFO - Support ticket with ID 6df6c70e-e3a7-4b12-b14d-ae4617a9e602 deleted successfully
2024-07-01 20:08:25,569 - app1.views - INFO - Ticket 5d8fae53-c9e0-421a-8c95-3935f8ae234c created successfully for user 367ed2f5-f64e-4de4-9a9a-b1618d63728c
2024-07-01 20:10:16,978 - app1.views - ERROR - No available agents at the moment
2024-07-01 20:11:54,389 - app1.views - INFO - Webhook received successfully with data: {'message': 'User with ID b49a3f5a-aa67-4b33-b424-11373ad9fdb5 has been updated.', 'user_id': 'b49a3f5a-aa67-4b33-b424-11373ad9fdb5', 'username': 'tar', 'email': 't@gmail.com'}
2024-07-01 20:11:54,391 - app1.views - INFO - Webhook notification sent successfully for user b49a3f5a-aa67-4b33-b424-11373ad9fdb5
2024-07-01 20:11:54,391 - app1.views - INFO - User with ID b49a3f5a-aa67-4b33-b424-11373ad9fdb5 updated successfully
2024-07-01 20:12:16,384 - app1.views - INFO - Search tickets results: <QuerySet [<SupportTicket: SupportTicket object (80525707-fa52-41f8-af54-b7e132c32078)>, <SupportTicket: SupportTicket object (ef523af1-e400-4f8b-bbec-6c3afdc60201)>, <SupportTicket: SupportTicket object (5df2219f-ef0c-43fc-99d3-6f3c7b37a416)>, <SupportTicket: SupportTicket object (1e690793-d970-4681-9893-0d3198894749)>, <SupportTicket: SupportTicket object (251c5d0e-9ef2-4265-b709-ef71029bbdce)>, <SupportTicket: SupportTicket object (4c5e6a23-00c6-4290-911f-18e5eb0b2f05)>, <SupportTicket: SupportTicket object (59fd0f06-6e93-4adf-bf57-f826566512dc)>, <SupportTicket: SupportTicket object (84079243-9d9e-4049-af6a-b5691eb6b10e)>, <SupportTicket: SupportTicket object (415dc557-81d8-410b-ade6-708e090817a9)>, <SupportTicket: SupportTicket object (522a8be6-c394-41d5-b5f0-284929163ca6)>, <SupportTicket: SupportTicket object (eb6e1eba-c5ba-4af3-bd68-d264cf9918df)>, <SupportTicket: SupportTicket object (50d26134-f1f8-4bac-8314-13eb44e47b89)>, <SupportTicket: SupportTicket object (c957bc8b-7f47-422a-80cd-f404c9927dd0)>, <SupportTicket: SupportTicket object (9b52fcec-4ae6-4ca1-9a8a-efa990ae2c29)>, <SupportTicket: SupportTicket object (5d8fae53-c9e0-421a-8c95-3935f8ae234c)>]>
2024-07-01 20:13:07,851 - app1.views - ERROR - Username Tru already exists
2024-07-01 20:13:12,530 - app1.views - ERROR - Invalid JSON format received in webhook
2024-07-01 20:13:35,895 - app1.views - ERROR - Ticket not found: a2e7dc20-f550-44e0-9902-bbad58583332
2024-07-01 20:13:51,704 - app1.views - INFO - Webhook received successfully with data: {'message': 'Agent with ID 04ff2b73-03aa-4200-9ca7-e9189e0eb99f has been updated.', 'agent_id': '04ff2b73-03aa-4200-9ca7-e9189e0eb99f', 'name': 'hari', 'email': 'Tarun@gmail.com', 'phone_number': '8870881201', 'is_available': False}
2024-07-01 20:13:51,705 - app1.views - INFO - Webhook notification sent successfully for agent 04ff2b73-03aa-4200-9ca7-e9189e0eb99f
2024-07-01 20:13:51,705 - app1.views - INFO - Agent with ID 04ff2b73-03aa-4200-9ca7-e9189e0eb99f updated successfully
2024-07-01 20:14:07,415 - app1.views - INFO - Details found
2024-07-01 20:14:12,263 - app1.views - ERROR - No available agents at the moment
2024-07-01 20:14:33,640 - app1.views - INFO - Id found
2024-07-01 20:14:48,925 - app1.views - ERROR - Username Gopal already exists
2024-07-01 20:15:25,193 - app1.views - INFO - Webhook received successfully with data: {'message': 'Agent with ID 04ff2b73-03aa-4200-9ca7-e9189e0eb99f has been updated.', 'agent_id': '04ff2b73-03aa-4200-9ca7-e9189e0eb99f', 'name': 'hari', 'email': 'Tarun@gmail.com', 'phone_number': '8870881201', 'is_available': False}
2024-07-01 20:15:25,194 - app1.views - INFO - Webhook notification sent successfully for agent 04ff2b73-03aa-4200-9ca7-e9189e0eb99f
2024-07-01 20:15:25,195 - app1.views - INFO - Agent with ID 04ff2b73-03aa-4200-9ca7-e9189e0eb99f updated successfully
2024-07-01 20:16:06,639 - app1.views - INFO - Webhook received successfully with data: {'message': 'Agent with ID 04ff2b73-03aa-4200-9ca7-e9189e0eb99f has been updated.', 'agent_id': '04ff2b73-03aa-4200-9ca7-e9189e0eb99f', 'name': 'hari', 'email': 'Tarun@gmail.com', 'phone_number': '8870881201', 'is_available': False}
2024-07-01 20:16:06,641 - app1.views - INFO - Webhook notification sent successfully for agent 04ff2b73-03aa-4200-9ca7-e9189e0eb99f
2024-07-01 20:16:06,641 - app1.views - INFO - Agent with ID 04ff2b73-03aa-4200-9ca7-e9189e0eb99f updated successfully
2024-07-01 20:16:17,939 - app1.views - INFO - Webhook received successfully with data: {'message': 'Agent with ID 04ff2b73-03aa-4200-9ca7-e9189e0eb99f has been updated.', 'agent_id': '04ff2b73-03aa-4200-9ca7-e9189e0eb99f', 'name': 'hari', 'email': 'Tarun@gmail.com', 'phone_number': '8870881201', 'is_available': False}
2024-07-01 20:16:17,941 - app1.views - INFO - Webhook notification sent successfully for agent 04ff2b73-03aa-4200-9ca7-e9189e0eb99f
2024-07-01 20:16:17,941 - app1.views - INFO - Agent with ID 04ff2b73-03aa-4200-9ca7-e9189e0eb99f updated successfully
2024-07-01 20:22:51,513 - app1.views - INFO - Ticket edc6cce2-5ebd-4da9-a201-daac2dc42301 created successfully for user 367ed2f5-f64e-4de4-9a9a-b1618d63728c
2024-07-01 20:23:14,973 - app1.views - ERROR - No available agents at the moment
2024-07-01 20:23:27,743 - app1.views - INFO - Ticket d98095ee-ad6e-4f94-ade0-9b2e965e2b33 created successfully for user 367ed2f5-f64e-4de4-9a9a-b1618d63728c
2024-07-02 10:38:04,270 - app1.views - INFO - Agent Kuamr added with ID 344be686-bfc7-4076-8a48-25282c91db0b
2024-07-02 10:38:33,326 - app1.views - INFO - Id found
2024-07-02 10:39:02,985 - app1.views - INFO - Details found
2024-07-02 10:39:19,132 - app1.views - INFO - Support ticket with ID 80525707-fa52-41f8-af54-b7e132c32078 deleted successfully
2024-07-02 10:43:27,744 - app1.views - INFO - Ticket 48ae19ab-ec70-4c5d-884f-77d84dc4d2c0 created successfully for user 367ed2f5-f64e-4de4-9a9a-b1618d63728c
2024-07-02 10:43:57,582 - app1.views - ERROR - No available agents at the moment
2024-07-02 10:44:47,986 - app1.views - INFO - Support ticket with ID ef523af1-e400-4f8b-bbec-6c3afdc60201 deleted successfully
2024-07-02 10:46:36,082 - app1.views - INFO - Search tickets results: <QuerySet [<SupportTicket: SupportTicket object (5df2219f-ef0c-43fc-99d3-6f3c7b37a416)>, <SupportTicket: SupportTicket object (1e690793-d970-4681-9893-0d3198894749)>, <SupportTicket: SupportTicket object (251c5d0e-9ef2-4265-b709-ef71029bbdce)>, <SupportTicket: SupportTicket object (4c5e6a23-00c6-4290-911f-18e5eb0b2f05)>, <SupportTicket: SupportTicket object (5d8fae53-c9e0-421a-8c95-3935f8ae234c)>, <SupportTicket: SupportTicket object (48ae19ab-ec70-4c5d-884f-77d84dc4d2c0)>]>
2024-07-02 10:47:01,477 - app1.views - INFO - Closing ticket: 5df2219f-ef0c-43fc-99d3-6f3c7b37a416
2024-07-02 10:47:01,531 - app1.views - INFO - Ticket 5df2219f-ef0c-43fc-99d3-6f3c7b37a416 closed successfully
2024-07-02 10:47:03,572 - app1.views - INFO - Webhook received successfully with data: {'message': 'Ticket has been closed.', 'ticket_id': '5df2219f-ef0c-43fc-99d3-6f3c7b37a416', 'status': 'closed', 'completed_at': '2024-07-02 05:17:01.497081+00:00', 'user': {'user_id': '367ed2f5-f64e-4de4-9a9a-b1618d63728c', 'username': 'Tru', 'email': 't@gmail.com'}, 'assigned_agent': {'agent_id': 'def63743-cc39-41b4-a5f6-7df47a02d8e8', 'name': 'Tarun', 'email': 'Tarun@gmail.com'}}
2024-07-02 10:47:03,575 - app1.views - INFO - Webhook notification sent successfully for ticket 5df2219f-ef0c-43fc-99d3-6f3c7b37a416
2024-07-02 10:47:47,072 - app1.views - INFO - User TarunSR added with ID 5acfa69f-3528-4e5b-a109-5c8fe0e627da
2024-07-02 10:48:05,720 - app1.views - INFO - Webhook received successfully with data: {'payload': 'Hello'}
2024-07-02 19:47:38,587 - app1.views - INFO - Webhook received successfully with data: {'message': 'User with ID b49a3f5a-aa67-4b33-b424-11373ad9fdb5 has been updated.', 'user_id': 'b49a3f5a-aa67-4b33-b424-11373ad9fdb5', 'username': 'Shajith', 'email': 't@gmail.com'}
2024-07-02 19:47:38,591 - app1.views - INFO - Webhook notification sent successfully for user b49a3f5a-aa67-4b33-b424-11373ad9fdb5
2024-07-02 19:47:38,592 - app1.views - INFO - User with ID b49a3f5a-aa67-4b33-b424-11373ad9fdb5 updated successfully
2024-07-03 19:33:50,304 - app1.views - INFO - Agent Boopal added with ID 8ceb5449-a848-424d-86f8-3d3bacb5a120
2024-07-03 19:34:16,908 - app1.views - INFO - Id found
2024-07-03 19:38:07,041 - app1.views - INFO - Ticket a8a8712c-8b91-4d89-ba3a-a1fa97b7c74e created successfully for user 367ed2f5-f64e-4de4-9a9a-b1618d63728c
2024-07-03 19:38:27,305 - app1.views - INFO - Details found
2024-07-03 19:39:10,055 - app1.views - INFO - Closing ticket: a8a8712c-8b91-4d89-ba3a-a1fa97b7c74e
2024-07-03 19:39:10,080 - app1.views - INFO - Ticket a8a8712c-8b91-4d89-ba3a-a1fa97b7c74e closed successfully
2024-07-03 19:39:12,132 - app1.views - INFO - Webhook received successfully with data: {'message': 'Ticket has been closed.', 'ticket_id': 'a8a8712c-8b91-4d89-ba3a-a1fa97b7c74e', 'status': 'closed', 'completed_at': '2024-07-03 14:09:10.063396+00:00', 'user': {'user_id': '367ed2f5-f64e-4de4-9a9a-b1618d63728c', 'username': 'Tru', 'email': 't@gmail.com'}, 'assigned_agent': {'agent_id': 'def63743-cc39-41b4-a5f6-7df47a02d8e8', 'name': 'Tarun', 'email': 'Tarun@gmail.com'}}
2024-07-03 19:39:12,134 - app1.views - INFO - Webhook notification sent successfully for ticket a8a8712c-8b91-4d89-ba3a-a1fa97b7c74e
2024-07-03 19:40:12,612 - app1.views - INFO - Webhook received successfully with data: {'message': 'Agent with ID 39900c30-4caf-4d01-a610-fcf6c0aa98d7 has been updated.', 'agent_id': '39900c30-4caf-4d01-a610-fcf6c0aa98d7', 'name': 'Goapl', 'email': 'Tarun@gmail.com', 'phone_number': '8870881201', 'is_available': False}
2024-07-03 19:40:12,615 - app1.views - INFO - Webhook notification sent successfully for agent 39900c30-4caf-4d01-a610-fcf6c0aa98d7
2024-07-03 19:40:12,616 - app1.views - INFO - Agent with ID 39900c30-4caf-4d01-a610-fcf6c0aa98d7 updated successfully
2024-07-03 19:40:51,395 - app1.views - INFO - Webhook received successfully with data: {'message': 'User with ID 5acfa69f-3528-4e5b-a109-5c8fe0e627da has been updated.', 'user_id': '5acfa69f-3528-4e5b-a109-5c8fe0e627da', 'username': 'TarunS', 'email': 'tarun@gmail.com'}
2024-07-03 19:40:51,396 - app1.views - INFO - Webhook notification sent successfully for user 5acfa69f-3528-4e5b-a109-5c8fe0e627da
2024-07-03 19:40:51,397 - app1.views - INFO - User with ID 5acfa69f-3528-4e5b-a109-5c8fe0e627da updated successfully
2024-07-03 19:42:10,158 - app1.views - INFO - User Lokhesh added with ID 330c9c04-ccfd-44f7-8355-8bb916470017
2024-07-03 19:42:31,164 - app1.views - INFO - Search tickets results: <QuerySet [<SupportTicket: SupportTicket object (1e690793-d970-4681-9893-0d3198894749)>, <SupportTicket: SupportTicket object (251c5d0e-9ef2-4265-b709-ef71029bbdce)>, <SupportTicket: SupportTicket object (4c5e6a23-00c6-4290-911f-18e5eb0b2f05)>, <SupportTicket: SupportTicket object (5d8fae53-c9e0-421a-8c95-3935f8ae234c)>, <SupportTicket: SupportTicket object (48ae19ab-ec70-4c5d-884f-77d84dc4d2c0)>]>
2024-07-03 19:45:03,270 - app1.views - INFO - Search tickets results: <QuerySet [<SupportTicket: SupportTicket object (1e690793-d970-4681-9893-0d3198894749)>, <SupportTicket: SupportTicket object (251c5d0e-9ef2-4265-b709-ef71029bbdce)>, <SupportTicket: SupportTicket object (4c5e6a23-00c6-4290-911f-18e5eb0b2f05)>, <SupportTicket: SupportTicket object (5d8fae53-c9e0-421a-8c95-3935f8ae234c)>, <SupportTicket: SupportTicket object (48ae19ab-ec70-4c5d-884f-77d84dc4d2c0)>]>
2024-07-03 19:45:23,772 - app1.views - INFO - Search tickets results: <QuerySet [<SupportTicket: SupportTicket object (1e690793-d970-4681-9893-0d3198894749)>, <SupportTicket: SupportTicket object (251c5d0e-9ef2-4265-b709-ef71029bbdce)>, <SupportTicket: SupportTicket object (4c5e6a23-00c6-4290-911f-18e5eb0b2f05)>, <SupportTicket: SupportTicket object (5d8fae53-c9e0-421a-8c95-3935f8ae234c)>, <SupportTicket: SupportTicket object (48ae19ab-ec70-4c5d-884f-77d84dc4d2c0)>]>
2024-07-03 19:47:08,905 - app1.views - INFO - Search tickets results: <QuerySet [<SupportTicket: SupportTicket object (1e690793-d970-4681-9893-0d3198894749)>, <SupportTicket: SupportTicket object (251c5d0e-9ef2-4265-b709-ef71029bbdce)>, <SupportTicket: SupportTicket object (4c5e6a23-00c6-4290-911f-18e5eb0b2f05)>, <SupportTicket: SupportTicket object (5d8fae53-c9e0-421a-8c95-3935f8ae234c)>, <SupportTicket: SupportTicket object (48ae19ab-ec70-4c5d-884f-77d84dc4d2c0)>]>
2024-07-03 19:47:19,400 - app1.views - INFO - Search tickets results: <QuerySet [<SupportTicket: SupportTicket object (1e690793-d970-4681-9893-0d3198894749)>, <SupportTicket: SupportTicket object (251c5d0e-9ef2-4265-b709-ef71029bbdce)>, <SupportTicket: SupportTicket object (4c5e6a23-00c6-4290-911f-18e5eb0b2f05)>, <SupportTicket: SupportTicket object (5d8fae53-c9e0-421a-8c95-3935f8ae234c)>, <SupportTicket: SupportTicket object (48ae19ab-ec70-4c5d-884f-77d84dc4d2c0)>]>
2024-07-03 19:47:29,525 - app1.views - INFO - Search tickets results: <QuerySet [<SupportTicket: SupportTicket object (1e690793-d970-4681-9893-0d3198894749)>, <SupportTicket: SupportTicket object (251c5d0e-9ef2-4265-b709-ef71029bbdce)>, <SupportTicket: SupportTicket object (4c5e6a23-00c6-4290-911f-18e5eb0b2f05)>, <SupportTicket: SupportTicket object (5d8fae53-c9e0-421a-8c95-3935f8ae234c)>, <SupportTicket: SupportTicket object (48ae19ab-ec70-4c5d-884f-77d84dc4d2c0)>]>
2024-07-03 19:47:44,977 - app1.views - INFO - Search tickets results: <QuerySet [<SupportTicket: SupportTicket object (1e690793-d970-4681-9893-0d3198894749)>, <SupportTicket: SupportTicket object (251c5d0e-9ef2-4265-b709-ef71029bbdce)>, <SupportTicket: SupportTicket object (4c5e6a23-00c6-4290-911f-18e5eb0b2f05)>, <SupportTicket: SupportTicket object (5d8fae53-c9e0-421a-8c95-3935f8ae234c)>, <SupportTicket: SupportTicket object (48ae19ab-ec70-4c5d-884f-77d84dc4d2c0)>]>
2024-07-03 19:48:21,950 - app1.views - INFO - Search tickets results: <QuerySet [<SupportTicket: SupportTicket object (1e690793-d970-4681-9893-0d3198894749)>, <SupportTicket: SupportTicket object (251c5d0e-9ef2-4265-b709-ef71029bbdce)>, <SupportTicket: SupportTicket object (4c5e6a23-00c6-4290-911f-18e5eb0b2f05)>, <SupportTicket: SupportTicket object (5d8fae53-c9e0-421a-8c95-3935f8ae234c)>, <SupportTicket: SupportTicket object (48ae19ab-ec70-4c5d-884f-77d84dc4d2c0)>]>
2024-07-03 19:48:28,715 - app1.views - INFO - Search tickets results: <QuerySet [<SupportTicket: SupportTicket object (1e690793-d970-4681-9893-0d3198894749)>, <SupportTicket: SupportTicket object (251c5d0e-9ef2-4265-b709-ef71029bbdce)>, <SupportTicket: SupportTicket object (4c5e6a23-00c6-4290-911f-18e5eb0b2f05)>, <SupportTicket: SupportTicket object (5d8fae53-c9e0-421a-8c95-3935f8ae234c)>, <SupportTicket: SupportTicket object (48ae19ab-ec70-4c5d-884f-77d84dc4d2c0)>]>
2024-07-03 19:57:05,222 - app1.views - INFO - Closing ticket: 1e690793-d970-4681-9893-0d3198894749
2024-07-03 19:57:05,243 - app1.views - INFO - Ticket 1e690793-d970-4681-9893-0d3198894749 closed successfully
2024-07-03 19:57:07,296 - app1.views - INFO - Webhook received successfully with data: {'message': 'Ticket has been closed.', 'ticket_id': '1e690793-d970-4681-9893-0d3198894749', 'status': 'closed', 'completed_at': '2024-07-03 14:27:05.232008+00:00', 'user': {'user_id': '367ed2f5-f64e-4de4-9a9a-b1618d63728c', 'username': 'Tru', 'email': 't@gmail.com'}, 'assigned_agent': {'agent_id': None, 'name': None, 'email': None}}
2024-07-03 19:57:07,298 - app1.views - INFO - Webhook notification sent successfully for ticket 1e690793-d970-4681-9893-0d3198894749
